# JRE version: OpenJDK Runtime Environment (8.0_112-b224) (build 1.8.0_112-release-b736)
# Java VM: OpenJDK 64-Bit Server VM (25.112-b736 mixed mode linux-amd64 compressed oops)
Heap:
 PSYoungGen      total 274944K, used 29165K [0x000000076ab00000, 0x000000077d800000, 0x00000007c0000000)
  eden space 245760K, 0% used [0x000000076ab00000,0x000000076ab00000,0x0000000779b00000)
  from space 29184K, 99% used [0x0000000779b00000,0x000000077b77b708,0x000000077b780000)
  to   space 25088K, 0% used [0x000000077b780000,0x000000077b780000,0x000000077d000000)
 ParOldGen       total 83456K, used 70447K [0x00000006c0000000, 0x00000006c5180000, 0x000000076ab00000)
  object space 83456K, 84% used [0x00000006c0000000,0x00000006c44cbdd8,0x00000006c5180000)
 Metaspace       used 6472K, capacity 7218K, committed 7296K, reserved 1056768K
  class space    used 595K, capacity 618K, committed 640K, reserved 1048576K
GC Heap History (10 events):
Event: 3.371 GC heap after
Heap after GC invocations=2 (full 0):
 PSYoungGen      total 67584K, used 5106K [0x000000076ab00000, 0x000000076f200000, 0x00000007c0000000)
  eden space 62464K, 0% used [0x000000076ab00000,0x000000076ab00000,0x000000076e800000)
  from space 5120K, 99% used [0x000000076ed00000,0x000000076f1fcb58,0x000000076f200000)
  to   space 5120K, 0% used [0x000000076e800000,0x000000076e800000,0x000000076ed00000)
 ParOldGen       total 83456K, used 5754K [0x00000006c0000000, 0x00000006c5180000, 0x000000076ab00000)
  object space 83456K, 6% used [0x00000006c0000000,0x00000006c059eaa8,0x00000006c5180000)
 Metaspace       used 5812K, capacity 6832K, committed 7040K, reserved 1056768K
  class space    used 570K, capacity 616K, committed 640K, reserved 1048576K
}
Event: 4.660 GC heap before
{Heap before GC invocations=3 (full 0):
 PSYoungGen      total 67584K, used 67570K [0x000000076ab00000, 0x000000076f200000, 0x00000007c0000000)
  eden space 62464K, 100% used [0x000000076ab00000,0x000000076e800000,0x000000076e800000)
  from space 5120K, 99% used [0x000000076ed00000,0x000000076f1fcb58,0x000000076f200000)
  to   space 5120K, 0% used [0x000000076e800000,0x000000076e800000,0x000000076ed00000)
 ParOldGen       total 83456K, used 5754K [0x00000006c0000000, 0x00000006c5180000, 0x000000076ab00000)
  object space 83456K, 6% used [0x00000006c0000000,0x00000006c059eaa8,0x00000006c5180000)
 Metaspace       used 5897K, capacity 6896K, committed 7040K, reserved 1056768K
  class space    used 571K, capacity 616K, committed 640K, reserved 1048576K
Event: 4.811 GC heap after
Heap after GC invocations=3 (full 0):
 PSYoungGen      total 67584K, used 5106K [0x000000076ab00000, 0x0000000772f00000, 0x00000007c0000000)
  eden space 62464K, 0% used [0x000000076ab00000,0x000000076ab00000,0x000000076e800000)
  from space 5120K, 99% used [0x000000076e800000,0x000000076ecfc810,0x000000076ed00000)
  to   space 5120K, 0% used [0x0000000772a00000,0x0000000772a00000,0x0000000772f00000)
 ParOldGen       total 83456K, used 15268K [0x00000006c0000000, 0x00000006c5180000, 0x000000076ab00000)
  object space 83456K, 18% used [0x00000006c0000000,0x00000006c0ee9128,0x00000006c5180000)
 Metaspace       used 5897K, capacity 6896K, committed 7040K, reserved 1056768K
  class space    used 571K, capacity 616K, committed 640K, reserved 1048576K
}
Event: 5.410 GC heap before
{Heap before GC invocations=4 (full 0):
 PSYoungGen      total 67584K, used 67570K [0x000000076ab00000, 0x0000000772f00000, 0x00000007c0000000)
  eden space 62464K, 100% used [0x000000076ab00000,0x000000076e800000,0x000000076e800000)
  from space 5120K, 99% used [0x000000076e800000,0x000000076ecfc810,0x000000076ed00000)
  to   space 5120K, 0% used [0x0000000772a00000,0x0000000772a00000,0x0000000772f00000)
 ParOldGen       total 83456K, used 15268K [0x00000006c0000000, 0x00000006c5180000, 0x000000076ab00000)
  object space 83456K, 18% used [0x00000006c0000000,0x00000006c0ee9128,0x00000006c5180000)
 Metaspace       used 5969K, capacity 6960K, committed 7040K, reserved 1056768K
  class space    used 571K, capacity 616K, committed 640K, reserved 1048576K
Event: 5.496 GC heap after
Heap after GC invocations=4 (full 0):
 PSYoungGen      total 130048K, used 5094K [0x000000076ab00000, 0x0000000772f00000, 0x00000007c0000000)
  eden space 124928K, 0% used [0x000000076ab00000,0x000000076ab00000,0x0000000772500000)
  from space 5120K, 99% used [0x0000000772a00000,0x0000000772ef9850,0x0000000772f00000)
  to   space 5120K, 0% used [0x0000000772500000,0x0000000772500000,0x0000000772a00000)
 ParOldGen       total 83456K, used 23906K [0x00000006c0000000, 0x00000006c5180000, 0x000000076ab00000)
  object space 83456K, 28% used [0x00000006c0000000,0x00000006c1758878,0x00000006c5180000)
 Metaspace       used 5969K, capacity 6960K, committed 7040K, reserved 1056768K
  class space    used 571K, capacity 616K, committed 640K, reserved 1048576K
}
Event: 6.593 GC heap before
{Heap before GC invocations=5 (full 0):
 PSYoungGen      total 130048K, used 130022K [0x000000076ab00000, 0x0000000772f00000, 0x00000007c0000000)
  eden space 124928K, 100% used [0x000000076ab00000,0x0000000772500000,0x0000000772500000)
  from space 5120K, 99% used [0x0000000772a00000,0x0000000772ef9850,0x0000000772f00000)
  to   space 5120K, 0% used [0x0000000772500000,0x0000000772500000,0x0000000772a00000)
 ParOldGen       total 83456K, used 23906K [0x00000006c0000000, 0x00000006c5180000, 0x000000076ab00000)
  object space 83456K, 28% used [0x00000006c0000000,0x00000006c1758878,0x00000006c5180000)
 Metaspace       used 6101K, capacity 7088K, committed 7296K, reserved 1056768K
  class space    used 571K, capacity 616K, committed 640K, reserved 1048576K
Event: 6.745 GC heap after
Heap after GC invocations=5 (full 0):
 PSYoungGen      total 130048K, used 5099K [0x000000076ab00000, 0x000000077d000000, 0x00000007c0000000)
  eden space 124928K, 0% used [0x000000076ab00000,0x000000076ab00000,0x0000000772500000)
  from space 5120K, 99% used [0x0000000772500000,0x00000007729fae18,0x0000000772a00000)
  to   space 25088K, 0% used [0x000000077b780000,0x000000077b780000,0x000000077d000000)
 ParOldGen       total 83456K, used 42782K [0x00000006c0000000, 0x00000006c5180000, 0x000000076ab00000)
  object space 83456K, 51% used [0x00000006c0000000,0x00000006c29c7af0,0x00000006c5180000)
 Metaspace       used 6101K, capacity 7088K, committed 7296K, reserved 1056768K
  class space    used 571K, capacity 616K, committed 640K, reserved 1048576K
}
Event: 7.800 GC heap before
{Heap before GC invocations=6 (full 0):
 PSYoungGen      total 130048K, used 130027K [0x000000076ab00000, 0x000000077d000000, 0x00000007c0000000)
  eden space 124928K, 100% used [0x000000076ab00000,0x0000000772500000,0x0000000772500000)
  from space 5120K, 99% used [0x0000000772500000,0x00000007729fae18,0x0000000772a00000)
  to   space 25088K, 0% used [0x000000077b780000,0x000000077b780000,0x000000077d000000)
 ParOldGen       total 83456K, used 42782K [0x00000006c0000000, 0x00000006c5180000, 0x000000076ab00000)
  object space 83456K, 51% used [0x00000006c0000000,0x00000006c29c7af0,0x00000006c5180000)
 Metaspace       used 6202K, capacity 7152K, committed 7296K, reserved 1056768K
  class space    used 571K, capacity 616K, committed 640K, reserved 1048576K
Event: 7.944 GC heap after
Heap after GC invocations=6 (full 0):
 PSYoungGen      total 270848K, used 24117K [0x000000076ab00000, 0x000000077d800000, 0x00000007c0000000)
  eden space 245760K, 0% used [0x000000076ab00000,0x000000076ab00000,0x0000000779b00000)
  from space 25088K, 96% used [0x000000077b780000,0x000000077cf0d438,0x000000077d000000)
  to   space 29184K, 0% used [0x0000000779b00000,0x0000000779b00000,0x000000077b780000)
 ParOldGen       total 83456K, used 42782K [0x00000006c0000000, 0x00000006c5180000, 0x000000076ab00000)
  object space 83456K, 51% used [0x00000006c0000000,0x00000006c29c7af0,0x00000006c5180000)
 Metaspace       used 6202K, capacity 7152K, committed 7296K, reserved 1056768K
  class space    used 571K, capacity 616K, committed 640K, reserved 1048576K
}
Event: 10.575 GC heap before
{Heap before GC invocations=7 (full 0):
 PSYoungGen      total 270848K, used 269877K [0x000000076ab00000, 0x000000077d800000, 0x00000007c0000000)
  eden space 245760K, 100% used [0x000000076ab00000,0x0000000779b00000,0x0000000779b00000)
  from space 25088K, 96% used [0x000000077b780000,0x000000077cf0d438,0x000000077d000000)
  to   space 29184K, 0% used [0x0000000779b00000,0x0000000779b00000,0x000000077b780000)
 ParOldGen       total 83456K, used 42782K [0x00000006c0000000, 0x00000006c5180000, 0x000000076ab00000)
  object space 83456K, 51% used [0x00000006c0000000,0x00000006c29c7af0,0x00000006c5180000)
 Metaspace       used 6472K, capacity 7218K, committed 7296K, reserved 1056768K
  class space    used 595K, capacity 618K, committed 640K, reserved 1048576K

